Copyright 1986-2018 Xilinx, Inc. All Rights Reserved.
---------------------------------------------------------------------------------------------------------------------------------------------------
| Tool Version : Vivado v.2018.2.2 (lin64) Build 2348494 Mon Oct  1 18:25:39 MDT 2018
| Date         : Sat Oct 13 19:00:46 2018
| Host         : jdm-510 running 64-bit Ubuntu 18.04.1 LTS
| Command      : report_drc -file MB_freeRTOS_wrapper_drc_routed.rpt -pb MB_freeRTOS_wrapper_drc_routed.pb -rpx MB_freeRTOS_wrapper_drc_routed.rpx
| Design       : MB_freeRTOS_wrapper
| Device       : xc7z020clg400-1
| Speed File   : -1
| Design State : Routed
---------------------------------------------------------------------------------------------------------------------------------------------------

Report DRC

Table of Contents
-----------------
1. REPORT SUMMARY
2. REPORT DETAILS

1. REPORT SUMMARY
-----------------
            Netlist: netlist
          Floorplan: design_1
      Design limits: <entire design considered>
           Ruledeck: default
             Max violations: <unlimited>
             Violations found: 6
+--------+----------+------------------------+------------+
| Rule   | Severity | Description            | Violations |
+--------+----------+------------------------+------------+
| DPIP-1 | Warning  | Input pipelining       | 4          |
| DPOP-1 | Warning  | PREG Output pipelining | 1          |
| DPOP-2 | Warning  | MREG Output pipelining | 1          |
+--------+----------+------------------------+------------+

2. REPORT DETAILS
-----------------
DPIP-1#1 Warning
Input pipelining  
DSP MB_freeRTOS_i/microblaze_0/U0/MicroBlaze_Core_I/Area.Core/Data_Flow_I/mul_unit_I/Use_HW_MUL.Using_DSP48_Architectures.No_MUL64.dsp_module_I2/Using_DSP48E1.DSP48E1_I1/Using_FPGA.DSP48E1_I1 input MB_freeRTOS_i/microblaze_0/U0/MicroBlaze_Core_I/Area.Core/Data_Flow_I/mul_unit_I/Use_HW_MUL.Using_DSP48_Architectures.No_MUL64.dsp_module_I2/Using_DSP48E1.DSP48E1_I1/Using_FPGA.DSP48E1_I1/A[29:0] is not pipelined. Pipelining DSP48 input will improve performance.
Related violations: <none>

DPIP-1#2 Warning
Input pipelining  
DSP MB_freeRTOS_i/microblaze_0/U0/MicroBlaze_Core_I/Area.Core/Data_Flow_I/mul_unit_I/Use_HW_MUL.Using_DSP48_Architectures.No_MUL64.dsp_module_I2/Using_DSP48E1.DSP48E1_I1/Using_FPGA.DSP48E1_I1 input MB_freeRTOS_i/microblaze_0/U0/MicroBlaze_Core_I/Area.Core/Data_Flow_I/mul_unit_I/Use_HW_MUL.Using_DSP48_Architectures.No_MUL64.dsp_module_I2/Using_DSP48E1.DSP48E1_I1/Using_FPGA.DSP48E1_I1/B[17:0] is not pipelined. Pipelining DSP48 input will improve performance.
Related violations: <none>

DPIP-1#3 Warning
Input pipelining  
DSP MB_freeRTOS_i/microblaze_0/U0/MicroBlaze_Core_I/Area.Core/Data_Flow_I/mul_unit_I/Use_HW_MUL.Using_DSP48_Architectures.dsp_module_I1/Using_DSP48E1.DSP48E1_I1/Using_FPGA.DSP48E1_I1 input MB_freeRTOS_i/microblaze_0/U0/MicroBlaze_Core_I/Area.Core/Data_Flow_I/mul_unit_I/Use_HW_MUL.Using_DSP48_Architectures.dsp_module_I1/Using_DSP48E1.DSP48E1_I1/Using_FPGA.DSP48E1_I1/A[29:0] is not pipelined. Pipelining DSP48 input will improve performance.
Related violations: <none>

DPIP-1#4 Warning
Input pipelining  
DSP MB_freeRTOS_i/microblaze_0/U0/MicroBlaze_Core_I/Area.Core/Data_Flow_I/mul_unit_I/Use_HW_MUL.Using_DSP48_Architectures.dsp_module_I1/Using_DSP48E1.DSP48E1_I1/Using_FPGA.DSP48E1_I1 input MB_freeRTOS_i/microblaze_0/U0/MicroBlaze_Core_I/Area.Core/Data_Flow_I/mul_unit_I/Use_HW_MUL.Using_DSP48_Architectures.dsp_module_I1/Using_DSP48E1.DSP48E1_I1/Using_FPGA.DSP48E1_I1/B[17:0] is not pipelined. Pipelining DSP48 input will improve performance.
Related violations: <none>

DPOP-1#1 Warning
PREG Output pipelining  
DSP MB_freeRTOS_i/microblaze_0/U0/MicroBlaze_Core_I/Area.Core/Data_Flow_I/mul_unit_I/Use_HW_MUL.Using_DSP48_Architectures.No_MUL64.dsp_module_I3/Using_DSP48E1.DSP48E1_I1/Using_FPGA.DSP48E1_I1 output MB_freeRTOS_i/microblaze_0/U0/MicroBlaze_Core_I/Area.Core/Data_Flow_I/mul_unit_I/Use_HW_MUL.Using_DSP48_Architectures.No_MUL64.dsp_module_I3/Using_DSP48E1.DSP48E1_I1/Using_FPGA.DSP48E1_I1/P[47:0] is not pipelined (PREG=0). Pipelining the DSP48 output will improve performance and often saves power so it is suggested whenever possible to fully pipeline this function.  If this DSP48 function was inferred, it is suggested to describe an additional register stage after this function.  If the DSP48 was instantiated in the design, it is suggested to set the PREG attribute to 1.
Related violations: <none>

DPOP-2#1 Warning
MREG Output pipelining  
DSP MB_freeRTOS_i/microblaze_0/U0/MicroBlaze_Core_I/Area.Core/Data_Flow_I/mul_unit_I/Use_HW_MUL.Using_DSP48_Architectures.dsp_module_I1/Using_DSP48E1.DSP48E1_I1/Using_FPGA.DSP48E1_I1 multiplier stage MB_freeRTOS_i/microblaze_0/U0/MicroBlaze_Core_I/Area.Core/Data_Flow_I/mul_unit_I/Use_HW_MUL.Using_DSP48_Architectures.dsp_module_I1/Using_DSP48E1.DSP48E1_I1/Using_FPGA.DSP48E1_I1/P[47:0] is not pipelined (MREG=0). Pipelining the multiplier function will improve performance and will save significant power so it is suggested whenever possible to fully pipeline this function.  If this multiplier was inferred, it is suggested to describe an additional register stage after this function.  If there is no registered adder/accumulator following the multiply function, two pipeline stages are suggested to allow both the MREG and PREG registers to be used.  If the DSP48 was instantiated in the design, it is suggested to set both the MREG and PREG attributes to 1 when performing multiply functions.
Related violations: <none>


